2025-06-28 13:49:53,386 - TPGM Ratio Logger Initialized.
2025-06-28 13:52:07,373 - --- Iteration 19/500 ---
2025-06-28 13:52:07,374 - Global Projection Ratios - Min: 0.0000, Max: 0.7962, Mean: 0.0598
2025-06-28 13:52:07,374 - Mean Ratios per Model Block:
2025-06-28 13:52:07,374 -   - cswin_unet               : 0.0598
2025-06-28 13:52:07,374 - -------------------------
2025-06-28 13:52:31,483 - --- Iteration 39/500 ---
2025-06-28 13:52:31,483 - Global Projection Ratios - Min: 0.0000, Max: 0.7962, Mean: 0.0598
2025-06-28 13:52:31,483 - Mean Ratios per Model Block:
2025-06-28 13:52:31,483 -   - cswin_unet               : 0.0598
2025-06-28 13:52:31,483 - -------------------------
2025-06-28 13:52:54,919 - --- Iteration 59/500 ---
2025-06-28 13:52:54,919 - Global Projection Ratios - Min: 0.0000, Max: 0.7962, Mean: 0.0598
2025-06-28 13:52:54,919 - Mean Ratios per Model Block:
2025-06-28 13:52:54,919 -   - cswin_unet               : 0.0598
2025-06-28 13:52:54,919 - -------------------------
2025-06-28 13:53:17,800 - --- Iteration 79/500 ---
2025-06-28 13:53:17,801 - Global Projection Ratios - Min: 0.0000, Max: 0.7962, Mean: 0.0598
2025-06-28 13:53:17,801 - Mean Ratios per Model Block:
2025-06-28 13:53:17,801 -   - cswin_unet               : 0.0598
2025-06-28 13:53:17,801 - -------------------------
2025-06-28 13:53:40,567 - --- Iteration 99/500 ---
2025-06-28 13:53:40,567 - Global Projection Ratios - Min: 0.0000, Max: 0.7962, Mean: 0.0598
2025-06-28 13:53:40,567 - Mean Ratios per Model Block:
2025-06-28 13:53:40,567 -   - cswin_unet               : 0.0598
2025-06-28 13:53:40,569 - -------------------------
2025-06-28 13:53:52,530 - --- Iteration 119/500 ---
2025-06-28 13:53:52,530 - Global Projection Ratios - Min: 0.0000, Max: 0.7962, Mean: 0.0598
2025-06-28 13:53:52,530 - Mean Ratios per Model Block:
2025-06-28 13:53:52,530 -   - cswin_unet               : 0.0598
2025-06-28 13:53:52,530 - --------------------------
2025-06-28 13:54:15,363 - --- Iteration 139/500 ---
2025-06-28 13:54:15,363 - Global Projection Ratios - Min: 0.0000, Max: 0.7962, Mean: 0.0598
2025-06-28 13:54:15,363 - Mean Ratios per Model Block:
2025-06-28 13:54:15,363 -   - cswin_unet               : 0.0598
2025-06-28 13:54:15,363 - --------------------------
2025-06-28 13:54:37,941 - --- Iteration 159/500 ---
2025-06-28 13:54:37,941 - Global Projection Ratios - Min: 0.0000, Max: 0.7962, Mean: 0.0598
2025-06-28 13:54:37,941 - Mean Ratios per Model Block:
2025-06-28 13:54:37,941 -   - cswin_unet               : 0.0598
2025-06-28 13:54:37,941 - --------------------------
2025-06-28 13:55:00,933 - --- Iteration 179/500 ---
2025-06-28 13:55:00,933 - Global Projection Ratios - Min: 0.0000, Max: 0.7962, Mean: 0.0598
2025-06-28 13:55:00,933 - Mean Ratios per Model Block:
2025-06-28 13:55:00,933 -   - cswin_unet               : 0.0598
2025-06-28 13:55:00,933 - --------------------------
2025-06-28 13:55:23,723 - --- Iteration 199/500 ---
2025-06-28 13:55:23,723 - Global Projection Ratios - Min: 0.0000, Max: 0.7962, Mean: 0.0598
2025-06-28 13:55:23,723 - Mean Ratios per Model Block:
2025-06-28 13:55:23,723 -   - cswin_unet               : 0.0598
2025-06-28 13:55:23,723 - --------------------------
2025-06-28 13:55:46,330 - --- Iteration 219/500 ---
2025-06-28 13:55:46,331 - Global Projection Ratios - Min: 0.0000, Max: 0.7962, Mean: 0.0598
2025-06-28 13:55:46,331 - Mean Ratios per Model Block:
2025-06-28 13:55:46,331 -   - cswin_unet               : 0.0598
2025-06-28 13:55:46,331 - --------------------------
2025-06-28 13:55:58,327 - --- Iteration 239/500 ---
2025-06-28 13:55:58,327 - Global Projection Ratios - Min: 0.0000, Max: 0.7962, Mean: 0.0598
2025-06-28 13:55:58,327 - Mean Ratios per Model Block:
2025-06-28 13:55:58,327 -   - cswin_unet               : 0.0598
2025-06-28 13:55:58,327 - --------------------------
2025-06-28 13:56:20,704 - --- Iteration 259/500 ---
2025-06-28 13:56:20,704 - Global Projection Ratios - Min: 0.0000, Max: 0.7962, Mean: 0.0598
2025-06-28 13:56:20,704 - Mean Ratios per Model Block:
2025-06-28 13:56:20,704 -   - cswin_unet               : 0.0598
2025-06-28 13:56:20,704 - --------------------------
2025-06-28 13:56:43,117 - --- Iteration 279/500 ---
2025-06-28 13:56:43,117 - Global Projection Ratios - Min: 0.0000, Max: 0.7962, Mean: 0.0598
2025-06-28 13:56:43,117 - Mean Ratios per Model Block:
2025-06-28 13:56:43,117 -   - cswin_unet               : 0.0598
2025-06-28 13:56:43,117 - --------------------------
